<?xml version="1.0" encoding="UTF-8"?>
<testng-results ignored="0" total="1" passed="1" failed="0" skipped="0">
  <reporter-output>
    <line>
      <![CDATA[beforeSuite]]>
    </line>
    <line>
      <![CDATA[beforeTest]]>
    </line>
    <line>
      <![CDATA[beforeClass]]>
    </line>
    <line>
      <![CDATA[beforeMethod]]>
    </line>
    <line>
      <![CDATA[test]]>
    </line>
    <line>
      <![CDATA[afterMethod]]>
    </line>
    <line>
      <![CDATA[afterClass]]>
    </line>
    <line>
      <![CDATA[afterTest]]>
    </line>
    <line>
      <![CDATA[afterSuite]]>
    </line>
  </reporter-output>
  <suite started-at="2022-09-15T18:00:41 IST" name="Default suite" finished-at="2022-09-15T18:00:41 IST" duration-ms="78">
    <groups>
    </groups>
    <test started-at="2022-09-15T18:00:41 IST" name="Default test" finished-at="2022-09-15T18:00:41 IST" duration-ms="78">
      <class name="Test.LoginTest">
        <test-method is-config="true" signature="beforeSuite()[pri:0, instance:Test.LoginTest@1356d4d4]" started-at="2022-09-15T18:00:41 IST" name="beforeSuite" finished-at="2022-09-15T18:00:41 IST" duration-ms="12" status="PASS">
          <reporter-output>
            <line>
              <![CDATA[beforeSuite]]>
            </line>
          </reporter-output>
        </test-method> <!-- beforeSuite -->
        <test-method is-config="true" signature="beforeTest()[pri:0, instance:Test.LoginTest@1356d4d4]" started-at="2022-09-15T18:00:41 IST" name="beforeTest" finished-at="2022-09-15T18:00:41 IST" duration-ms="1" status="PASS">
          <reporter-output>
            <line>
              <![CDATA[beforeTest]]>
            </line>
          </reporter-output>
        </test-method> <!-- beforeTest -->
        <test-method is-config="true" signature="beforeClass()[pri:0, instance:Test.LoginTest@1356d4d4]" started-at="2022-09-15T18:00:41 IST" name="beforeClass" finished-at="2022-09-15T18:00:41 IST" duration-ms="0" status="PASS">
          <reporter-output>
            <line>
              <![CDATA[beforeClass]]>
            </line>
          </reporter-output>
        </test-method> <!-- beforeClass -->
        <test-method is-config="true" signature="beforeMethod()[pri:0, instance:Test.LoginTest@1356d4d4]" started-at="2022-09-15T18:00:41 IST" name="beforeMethod" finished-at="2022-09-15T18:00:41 IST" duration-ms="1" status="PASS">
          <reporter-output>
            <line>
              <![CDATA[beforeMethod]]>
            </line>
          </reporter-output>
        </test-method> <!-- beforeMethod -->
        <test-method signature="test()[pri:0, instance:Test.LoginTest@1356d4d4]" started-at="2022-09-15T18:00:41 IST" name="test" finished-at="2022-09-15T18:00:41 IST" duration-ms="9" status="PASS">
          <reporter-output>
            <line>
              <![CDATA[test]]>
            </line>
          </reporter-output>
        </test-method> <!-- test -->
        <test-method is-config="true" signature="afterMethod()[pri:0, instance:Test.LoginTest@1356d4d4]" started-at="2022-09-15T18:00:41 IST" name="afterMethod" finished-at="2022-09-15T18:00:41 IST" duration-ms="2" status="PASS">
          <reporter-output>
            <line>
              <![CDATA[afterMethod]]>
            </line>
          </reporter-output>
        </test-method> <!-- afterMethod -->
        <test-method is-config="true" signature="afterClass()[pri:0, instance:Test.LoginTest@1356d4d4]" started-at="2022-09-15T18:00:41 IST" name="afterClass" finished-at="2022-09-15T18:00:41 IST" duration-ms="0" status="PASS">
          <reporter-output>
            <line>
              <![CDATA[afterClass]]>
            </line>
          </reporter-output>
        </test-method> <!-- afterClass -->
        <test-method is-config="true" signature="afterTest()[pri:0, instance:Test.LoginTest@1356d4d4]" started-at="2022-09-15T18:00:41 IST" name="afterTest" finished-at="2022-09-15T18:00:41 IST" duration-ms="0" status="PASS">
          <reporter-output>
            <line>
              <![CDATA[afterTest]]>
            </line>
          </reporter-output>
        </test-method> <!-- afterTest -->
        <test-method is-config="true" signature="afterSuite()[pri:0, instance:Test.LoginTest@1356d4d4]" started-at="2022-09-15T18:00:42 IST" name="afterSuite" finished-at="2022-09-15T18:00:42 IST" duration-ms="1" status="PASS">
          <reporter-output>
            <line>
              <![CDATA[afterSuite]]>
            </line>
          </reporter-output>
        </test-method> <!-- afterSuite -->
      </class> <!-- Test.LoginTest -->
    </test> <!-- Default test -->
  </suite> <!-- Default suite -->
</testng-results>
