<?xml version="1.0" encoding="UTF-8"?>
<!-- Generated by org.testng.reporters.JUnitXMLReporter -->
<testsuite ignored="0" hostname="DESKTOP-J77L1O0" failures="0" tests="4" name="Default test" time="0.111" errors="0" timestamp="2022-09-15T18:11:49 IST">
  <testcase classname="Test.LoginTest" name="test2" time="0.008"/>
  <testcase classname="Test.LoginTest" name="test3" time="0.004"/>
  <testcase classname="Test.LoginTest" name="test3" time="0.007"/>
  <testcase classname="Test.LoginTest" name="test" time="0.006"/>
</testsuite> <!-- Default test -->
